## 开始执行... 2021-11-11 19:03:06


🔔京东日资产变动通知, 开始!

====================共54个京东账号Cookie=========

==================脚本执行- 北京时间(UTC+8)：2021/11/11 下午7:03:08=====================



********开始【京东账号1】Anderson7538******

2021-11-11日过期京豆：30

2021-11-12日过期京豆：30

2021-11-13日过期京豆：0

2021-11-14日过期京豆：0

2021-11-15日过期京豆：0

2021-11-16日过期京豆：0

2021-11-17日过期京豆：0


==============📣系统通知📣==============
京东日资产变动通知
📣=============账号1=============📣
账号名称：Anderson7538
账号信息：💎钻石|Plus，京享值7175
今日收支：600京豆 🐶 - 30京豆
昨日收支：692京豆 🐶 - 0京豆
当前京豆：2656(今日将过期30)京豆🐶
京喜牧场：313枚鸡蛋
签到现金：8.06元
极速金币：454246金币(≈45.4246元)
京东赚赚：628300金币(≈62.83元)
京东秒杀：42839秒秒币(≈42.839元)
东东农场：12枚猕猴桃,进度11.05%,33天后可兑🍉
东东萌宠：3层抽纸巾30包,勋章2/4块(47.3%)
京喜工厂：汤勺漏勺4支装 ,进度:32.91% ,预计:2.68天可兑换🏭
🧧🧧🧧🧧红包明细🧧🧧🧧🧧
当前总红包：27.40(今日总过期0.10)元 🧧
京喜红包：27.02(今日将过期0.00)元 🧧
极速红包：0.10(今日将过期0.10)元 🧧
京东红包：0.28(今日将过期0.00)元 🧧
健康红包：0.00(今日将过期0.00)元 🧧



********开始【京东账号2】roseYun******

2021-11-11日过期京豆：0

2021-11-12日过期京豆：0

2021-11-13日过期京豆：0

2021-11-14日过期京豆：0

2021-11-15日过期京豆：0

2021-11-16日过期京豆：0

2021-11-17日过期京豆：0


==============📣系统通知📣==============
京东日资产变动通知
📣=============账号2=============📣
账号名称：roseYun
账号信息：😊普通|会员，京享值4783
今日收支：300京豆 🐶 - 0京豆
昨日收支：665京豆 🐶 - 0京豆
当前京豆：7371(今日将过期0)京豆🐶
京喜牧场：249枚鸡蛋
签到现金：32.57元
极速金币：25068金币(≈2.5068元)
京东赚赚：345800金币(≈34.58元)
京东秒杀：5364秒秒币(≈5.364元)
东东农场：4升调和油,进度68.77%,12天后可兑🍉
东东萌宠：成人声波 电动牙刷,勋章3/5块(84.6%)
京喜工厂：男士打底衫 ,已经可兑换，请手动兑换🏭
🧧🧧🧧🧧红包明细🧧🧧🧧🧧
当前总红包：22.62(今日总过期0.06)元 🧧
京喜红包：21.80(今日将过期0.00)元 🧧
极速红包：0.20(今日将过期0.06)元 🧧
京东红包：0.62(今日将过期0.00)元 🧧
健康红包：0.00(今日将过期0.00)元 🧧



********开始【京东账号3】盛世微尘6886******

2021-11-11日过期京豆：0

2021-11-12日过期京豆：30

2021-11-13日过期京豆：0

2021-11-14日过期京豆：0

2021-11-15日过期京豆：0

2021-11-16日过期京豆：0

2021-11-17日过期京豆：0


==============📣系统通知📣==============
京东日资产变动通知
📣=============账号3=============📣
账号名称：盛世微尘6886
账号信息：😊普通|会员，京享值4873
今日收支：316京豆 🐶 - 0京豆
昨日收支：714京豆 🐶 - 697京豆
当前京豆：11747(今日将过期0)京豆🐶
京喜牧场：71枚鸡蛋
签到现金：20.05元
极速金币：25013金币(≈2.5013元)
京东赚赚：343100金币(≈34.31元)
京东秒杀：14982秒秒币(≈14.982元)
东东农场：4升调和油,进度98.64%,明天可兑🍉
东东萌宠：憨憨宠 猫砂除臭珠 ,勋章3/4块(52.4%)
京喜工厂：珊瑚绒睡裤 ,进度:95.95% ,预计:2.20天可兑换🏭
🧧🧧🧧🧧红包明细🧧🧧🧧🧧
当前总红包：11.04(今日总过期0.05)元 🧧
京喜红包：10.69(今日将过期0.00)元 🧧
极速红包：0.19(今日将过期0.05)元 🧧
京东红包：0.16(今日将过期0.00)元 🧧
健康红包：0.00(今日将过期0.00)元 🧧



********开始【京东账号4】jd_JVMksbPCFjSo******

2021-11-11日过期京豆：0

2021-11-12日过期京豆：0

2021-11-13日过期京豆：0

2021-11-14日过期京豆：0

2021-11-15日过期京豆：0

2021-11-16日过期京豆：0

2021-11-17日过期京豆：0


==============📣系统通知📣==============
京东日资产变动通知
📣=============账号4=============📣
账号名称：jd_JVMksbPCFjSo
账号信息：😊普通|Plus，京享值5561
今日收支：348京豆 🐶 - 2730京豆
昨日收支：681京豆 🐶 - 0京豆
当前京豆：8(今日将过期0)京豆🐶
京喜牧场：70枚鸡蛋
签到现金：7.03元
极速金币：132849金币(≈13.2849元)
京东赚赚：499300金币(≈49.93元)
京东秒杀：33047秒秒币(≈33.047元)
东东农场：3盒龙虾尾,进度34.09%,22天后可兑🍉
东东萌宠：3层抽纸巾30包,勋章3/4块(35.5%)
京喜工厂：当前未开始生产商品,请手动去京喜APP->我的->京喜工厂 开启活动🏭
🧧🧧🧧🧧红包明细🧧🧧🧧🧧
当前总红包：6.15(今日总过期0.00)元 🧧
京喜红包：6.15(今日将过期0.00)元 🧧
极速红包：0.00(今日将过期0.00)元 🧧
京东红包：0.00(今日将过期0.00)元 🧧
健康红包：0.00(今日将过期0.00)元 🧧



********开始【京东账号5】灰灰她会飞******

2021-11-11日过期京豆：0

2021-11-12日过期京豆：0

2021-11-13日过期京豆：0

2021-11-14日过期京豆：0

2021-11-15日过期京豆：0

2021-11-16日过期京豆：0

2021-11-17日过期京豆：0


==============📣系统通知📣==============
京东日资产变动通知
📣=============账号5=============📣
账号名称：灰灰她会飞
账号信息：🥈银牌|Plus，京享值6103
今日收支：188京豆 🐶 - 200京豆
昨日收支：448京豆 🐶 - 1800京豆
当前京豆：82(今日将过期0)京豆🐶
京喜牧场：55枚鸡蛋
签到现金：33.48元
极速金币：30652金币(≈3.0652元)
京东赚赚：522500金币(≈52.25元)
京东秒杀：39797秒秒币(≈39.797元)
东东农场：20包湿巾
东东萌宠：全自动 晴雨伞,勋章4/5块(56.7%)
京喜工厂：当前未开始生产商品,请手动去京喜APP->我的->京喜工厂 开启活动🏭
🧧🧧🧧🧧红包明细🧧🧧🧧🧧
当前总红包：3.09(今日总过期0.00)元 🧧
京喜红包：2.93(今日将过期0.00)元 🧧
极速红包：0.00(今日将过期0.00)元 🧧
京东红包：0.16(今日将过期0.00)元 🧧
健康红包：0.00(今日将过期0.00)元 🧧



********开始【京东账号6】koro1丶丶******

2021-11-11日过期京豆：0

2021-11-12日过期京豆：30

2021-11-13日过期京豆：0

2021-11-14日过期京豆：0

2021-11-15日过期京豆：0

2021-11-16日过期京豆：0

2021-11-17日过期京豆：0


==============📣系统通知📣==============
京东日资产变动通知
📣=============账号6=============📣
账号名称：koro1丶丶
账号信息：💎钻石|Plus，京享值7714
今日收支：224京豆 🐶 - 0京豆
昨日收支：459京豆 🐶 - 1675京豆
当前京豆：630(今日将过期0)京豆🐶
京喜牧场：15枚鸡蛋
签到现金：24.06元
极速金币：24506金币(≈2.4506元)
京东赚赚：542400金币(≈54.24元)
京东秒杀：41657秒秒币(≈41.657元)
东东农场：移动电源,进度100.00%,0天后可兑🍉
东东萌宠：全自动 晴雨伞,勋章3/5块(89.9%)
京喜工厂：当前未开始生产商品,请手动去京喜APP->我的->京喜工厂 开启活动🏭
🧧🧧🧧🧧红包明细🧧🧧🧧🧧
当前总红包：9.74(今日总过期3.83)元 🧧
京喜红包：9.74(今日将过期3.83)元 🧧
极速红包：0.00(今日将过期0.00)元 🧧
京东红包：0.00(今日将过期0.00)元 🧧
健康红包：0.00(今日将过期0.00)元 🧧



********开始【京东账号7】437983_547id******

2021-11-11日过期京豆：30

2021-11-12日过期京豆：0

2021-11-13日过期京豆：0

2021-11-14日过期京豆：0

2021-11-15日过期京豆：0

2021-11-16日过期京豆：0

2021-11-17日过期京豆：0


==============📣系统通知📣==============
京东日资产变动通知
📣=============账号7=============📣
账号名称：437983_547id
账号信息：🥈银牌|会员，京享值5655
今日收支：245京豆 🐶 - 30京豆
昨日收支：467京豆 🐶 - 2京豆
当前京豆：2697(今日将过期30)京豆🐶
京喜牧场：56枚鸡蛋
签到现金：12.57元
极速金币：24509金币(≈2.4509元)
京东赚赚：505400金币(≈50.54元)
京东秒杀：39388秒秒币(≈39.388元)
东东农场：1150g沐浴露,进度95.25%,明天可兑🍉
东东萌宠：3层抽纸巾30包,勋章3/4块(12%)
京喜工厂：${$.jxProductName} ,已经超时失效, 请选择新商品进行制造🏭
🧧🧧🧧🧧红包明细🧧🧧🧧🧧
当前总红包：10.37(今日总过期3.23)元 🧧
京喜红包：8.05(今日将过期3.14)元 🧧
极速红包：0.04(今日将过期0.03)元 🧧
京东红包：2.28(今日将过期0.06)元 🧧
健康红包：0.00(今日将过期0.00)元 🧧



********开始【京东账号8】小婷最漂亮啦******

2021-11-11日过期京豆：32

2021-11-12日过期京豆：30

2021-11-13日过期京豆：0

2021-11-14日过期京豆：0

2021-11-15日过期京豆：0

2021-11-16日过期京豆：0

2021-11-17日过期京豆：0


==============📣系统通知📣==============
京东日资产变动通知
📣=============账号8=============📣
账号名称：小婷最漂亮啦
账号信息：😊普通|会员，京享值3549
今日收支：258京豆 🐶 - 32京豆
昨日收支：376京豆 🐶 - 0京豆
当前京豆：1006(今日将过期32)京豆🐶
京喜牧场：0枚鸡蛋
签到现金：0.61元
极速金币：15475金币(≈1.5475元)
京东赚赚：6500金币(≈0.65元)
京东秒杀：560秒秒币(≈0.56元)
东东农场：3盒龙虾尾,进度27.33%,8天后可兑🍉
东东萌宠：3层抽纸巾30包,勋章1/4块(74%)
京喜工厂：毛球修剪器 ,进度:92.72% ,预计:1.01天可兑换🏭
🧧🧧🧧🧧红包明细🧧🧧🧧🧧
当前总红包：3.06(今日总过期0.20)元 🧧
京喜红包：2.76(今日将过期0.20)元 🧧
极速红包：0.00(今日将过期0.00)元 🧧
京东红包：0.30(今日将过期0.00)元 🧧
健康红包：0.00(今日将过期0.00)元 🧧



********开始【京东账号9】qhiIiPmjMCEu******

2021-11-11日过期京豆：0

2021-11-12日过期京豆：0

2021-11-13日过期京豆：0

2021-11-14日过期京豆：0

2021-11-15日过期京豆：0

2021-11-16日过期京豆：0

2021-11-17日过期京豆：0


==============📣系统通知📣==============
京东日资产变动通知
📣=============账号9=============📣
账号名称：qhiIiPmjMCEu
账号信息：🥉铜牌|会员，京享值4637
今日收支：320京豆 🐶 - 0京豆
昨日收支：389京豆 🐶 - 0京豆
当前京豆：9170(今日将过期0)京豆🐶
京喜牧场：470枚鸡蛋
签到现金：7.25元
极速金币：12275金币(≈1.2275元)
京东赚赚：151100金币(≈15.11元)
京东秒杀：11998秒秒币(≈11.998元)
东东农场：96卷卷纸,进度47.55%,19天后可兑🍉
东东萌宠：全自动 晴雨伞,勋章3/5块(65.3%)
京喜工厂：当前未开始生产商品,请手动去京喜APP->我的->京喜工厂 开启活动🏭
🧧🧧🧧🧧红包明细🧧🧧🧧🧧
当前总红包：12.73(今日总过期4.80)元 🧧
京喜红包：11.26(今日将过期4.59)元 🧧
极速红包：0.16(今日将过期0.10)元 🧧
京东红包：1.31(今日将过期0.11)元 🧧
健康红包：0.00(今日将过期0.00)元 🧧



********开始【京东账号10】jd_ktICPDOHqAJq******

2021-11-11日过期京豆：0

2021-11-12日过期京豆：30

2021-11-13日过期京豆：0

2021-11-14日过期京豆：0

2021-11-15日过期京豆：0

2021-11-16日过期京豆：0

2021-11-17日过期京豆：0


==============📣系统通知📣==============
京东日资产变动通知
📣=============账号10=============📣
账号名称：jd_ktICPDOHqAJq
账号信息：😊普通|Plus，京享值4493
今日收支：209京豆 🐶 - 0京豆
昨日收支：589京豆 🐶 - 1741京豆
当前京豆：868(今日将过期0)京豆🐶
京喜牧场：65枚鸡蛋
签到现金：3.66元
极速金币：18456金币(≈1.8456元)
京东赚赚：66400金币(≈6.64元)
京东秒杀：6006秒秒币(≈6.006元)
东东农场：96卷卷纸,进度20.27%,31天后可兑🍉
东东萌宠：3层抽纸巾30包,勋章3/4块(21.4%)
京喜工厂：洽洽香瓜子 ,进度:100.00%🏭
🧧🧧🧧🧧红包明细🧧🧧🧧🧧
当前总红包：0(今日总过期0.00)元 🧧
京喜红包：0.00(今日将过期0.00)元 🧧
极速红包：0.00(今日将过期0.00)元 🧧
京东红包：0.00(今日将过期0.00)元 🧧
健康红包：0.00(今日将过期0.00)元 🧧



********开始【京东账号11】铭笠******

2021-11-11日过期京豆：30

2021-11-12日过期京豆：30

2021-11-13日过期京豆：0

2021-11-14日过期京豆：0

2021-11-15日过期京豆：0

2021-11-16日过期京豆：0

2021-11-17日过期京豆：0


==============📣系统通知📣==============
京东日资产变动通知
📣=============账号11=============📣
账号名称：铭笠
账号信息：🥉铜牌|会员，京享值3269
今日收支：389京豆 🐶 - 30京豆
昨日收支：558京豆 🐶 - 0京豆
当前京豆：2025(今日将过期30)京豆🐶
京喜牧场：27枚鸡蛋
签到现金：3.13元
极速金币：13979金币(≈1.3979元)
京东赚赚：57400金币(≈5.74元)
京东秒杀：5428秒秒币(≈5.428元)
东东农场：4斤木瓜,进度49.50%,6天后可兑🍉
东东萌宠：2只装 大号收纳袋,勋章3/4块(7.5%)
京喜工厂：当前未开始生产商品,请手动去京喜APP->我的->京喜工厂 开启活动🏭
🧧🧧🧧🧧红包明细🧧🧧🧧🧧
当前总红包：2.54(今日总过期0.00)元 🧧
京喜红包：1.51(今日将过期0.00)元 🧧
极速红包：0.09(今日将过期0.00)元 🧧
京东红包：0.94(今日将过期0.00)元 🧧
健康红包：0.00(今日将过期0.00)元 🧧



********开始【京东账号12】382490301_m******


==============📣系统通知📣==============
京东日资产变动通知
【提示】cookie已失效
京东账号12 382490301_m
请重新登录获取
https://bean.m.jd.com/bean/signIndex.action
push+发送一对多通知消息完成。


********开始【京东账号13】jd_484fbc00df66c******

2021-11-11日过期京豆：0

2021-11-12日过期京豆：0

2021-11-13日过期京豆：0

2021-11-14日过期京豆：0

2021-11-15日过期京豆：0

2021-11-16日过期京豆：0

2021-11-17日过期京豆：0


==============📣系统通知📣==============
京东日资产变动通知
📣=============账号13=============📣
账号名称：jd_484fbc00df66c
账号信息：🥉铜牌|会员，京享值4239
今日收支：349京豆 🐶 - 0京豆
昨日收支：657京豆 🐶 - 0京豆
当前京豆：4904(今日将过期0)京豆🐶
京喜牧场：83枚鸡蛋
签到现金：3.38元
极速金币：63774金币(≈6.3774元)
京东赚赚：50600金币(≈5.06元)
京东秒杀：4814秒秒币(≈4.814元)
东东农场：1.8L电水壶,进度56.38%,7天后可兑🍉
东东萌宠：2只装 大号收纳袋,勋章2/4块(90.4%)
京喜工厂：男士打底衫 ,进度:96.73% ,预计:1.70天可兑换🏭
🧧🧧🧧🧧红包明细🧧🧧🧧🧧
当前总红包：10.54(今日总过期1.51)元 🧧
京喜红包：9.26(今日将过期1.41)元 🧧
极速红包：0.17(今日将过期0.10)元 🧧
京东红包：1.11(今日将过期0.00)元 🧧
健康红包：0.00(今日将过期0.00)元 🧧



********开始【京东账号14】江佰萬52******

2021-11-11日过期京豆：32

2021-11-12日过期京豆：30

2021-11-13日过期京豆：0

2021-11-14日过期京豆：0

2021-11-15日过期京豆：0

2021-11-16日过期京豆：2

2021-11-17日过期京豆：0


==============📣系统通知📣==============
京东日资产变动通知
📣=============账号14=============📣
账号名称：江佰萬52
账号信息：😊普通|会员，京享值4174
今日收支：130京豆 🐶 - 32京豆
昨日收支：509京豆 🐶 - 0京豆
当前京豆：1322(今日将过期32)京豆🐶
京喜牧场：155枚鸡蛋
签到现金：3.22元
极速金币：0金币(≈0元)
京东赚赚：45900金币(≈4.59元)
京东秒杀：3932秒秒币(≈3.932元)
东东农场：所选奖品无货
东东萌宠：成人声波 电动牙刷,勋章3/5块(21.8%)
京喜工厂：${$.jxProductName} ,已经超时失效, 请选择新商品进行制造🏭
🧧🧧🧧🧧红包明细🧧🧧🧧🧧
当前总红包：9.01(今日总过期4.56)元 🧧
京喜红包：5.17(今日将过期1.55)元 🧧
极速红包：0.04(今日将过期0.01)元 🧧
京东红包：3.80(今日将过期3.00)元 🧧
健康红包：0.00(今日将过期0.00)元 🧧



********开始【京东账号15】猴子Pony******

2021-11-11日过期京豆：2

2021-11-12日过期京豆：0

2021-11-13日过期京豆：0

2021-11-14日过期京豆：0

2021-11-15日过期京豆：0

2021-11-16日过期京豆：2

2021-11-17日过期京豆：0


==============📣系统通知📣==============
京东日资产变动通知
📣=============账号15=============📣
账号名称：猴子Pony
账号信息：💎钻石|Plus，京享值6647
今日收支：132京豆 🐶 - 2京豆
昨日收支：518京豆 🐶 - 0京豆
当前京豆：2712(今日将过期2)京豆🐶
京喜牧场：0枚鸡蛋
签到现金：3.2元
极速金币：0金币(≈0元)
京东赚赚：37300金币(≈3.73元)
京东秒杀：3506秒秒币(≈3.506元)
东东农场：所选奖品无货
东东萌宠：2只装 大号收纳袋,勋章2/4块(61.8%)
京喜工厂：${$.jxProductName} ,已经超时失效, 请选择新商品进行制造🏭
🧧🧧🧧🧧红包明细🧧🧧🧧🧧
当前总红包：0.91(今日总过期0.33)元 🧧
京喜红包：0.91(今日将过期0.33)元 🧧
极速红包：0.00(今日将过期0.00)元 🧧
京东红包：0.00(今日将过期0.00)元 🧧
健康红包：0.00(今日将过期0.00)元 🧧



********开始【京东账号16】jd_KIGoOrYyfoph******

2021-11-11日过期京豆：0

2021-11-12日过期京豆：0

2021-11-13日过期京豆：2

2021-11-14日过期京豆：0

2021-11-15日过期京豆：0

2021-11-16日过期京豆：0

2021-11-17日过期京豆：0


==============📣系统通知📣==============
京东日资产变动通知
📣=============账号16=============📣
账号名称：jd_KIGoOrYyfoph
账号信息：😊普通|会员，京享值4466
今日收支：264京豆 🐶 - 0京豆
昨日收支：684京豆 🐶 - 0京豆
当前京豆：3067(今日将过期0)京豆🐶
京喜牧场：27枚鸡蛋
签到现金：2.53元
极速金币：0金币(≈0元)
京东赚赚：35700金币(≈3.57元)
京东秒杀：3136秒秒币(≈3.136元)
东东农场：400ml洗发露,进度46.00%,11天后可兑🍉
东东萌宠：3层抽纸巾30包,勋章2/4块(64%)
京喜工厂：毛球修剪器 ,进度:84.33% ,预计:2.18天可兑换🏭
🧧🧧🧧🧧红包明细🧧🧧🧧🧧
当前总红包：2.37(今日总过期0.00)元 🧧
京喜红包：1.61(今日将过期0.00)元 🧧
极速红包：0.38(今日将过期0.00)元 🧧
京东红包：0.38(今日将过期0.00)元 🧧
健康红包：0.00(今日将过期0.00)元 🧧



********开始【京东账号17】jd_ZoXlWkuOrVof******

2021-11-11日过期京豆：300

2021-11-12日过期京豆：300

2021-11-13日过期京豆：0

2021-11-14日过期京豆：0

2021-11-15日过期京豆：0

2021-11-16日过期京豆：0

2021-11-17日过期京豆：0


==============📣系统通知📣==============
京东日资产变动通知
📣=============账号17=============📣
账号名称：jd_ZoXlWkuOrVof
账号信息：😊普通|会员，京享值1135
今日收支：337京豆 🐶 - 300京豆
昨日收支：319京豆 🐶 - 0京豆
当前京豆：734(今日将过期300)京豆🐶
京喜牧场：0枚鸡蛋
签到现金：0元
极速金币：0金币(≈0元)
京东赚赚：7600金币(≈0.76元)
东东农场：15粒猕猴桃,进度86.67%,明天可兑🍉
🧧🧧🧧🧧红包明细🧧🧧🧧🧧
当前总红包：0(今日总过期0.00)元 🧧
京喜红包：0.00(今日将过期0.00)元 🧧
极速红包：0.00(今日将过期0.00)元 🧧
京东红包：0.00(今日将过期0.00)元 🧧
健康红包：0.00(今日将过期0.00)元 🧧



********开始【京东账号18】jd_177626sqd******

2021-11-11日过期京豆：0

2021-11-12日过期京豆：0

2021-11-13日过期京豆：0

2021-11-14日过期京豆：0

2021-11-15日过期京豆：0

2021-11-16日过期京豆：0

2021-11-17日过期京豆：0


==============📣系统通知📣==============
京东日资产变动通知
📣=============账号18=============📣
账号名称：jd_177626sqd
账号信息：🥉铜牌|会员，京享值2909
今日收支：0京豆 🐶 - 0京豆
昨日收支：0京豆 🐶 - 0京豆
当前京豆：124(今日将过期0)京豆🐶
京喜牧场：0枚鸡蛋
签到现金：0元
极速金币：0金币(≈0元)
京东赚赚：7600金币(≈0.76元)
🧧🧧🧧🧧红包明细🧧🧧🧧🧧
当前总红包：0(今日总过期0.00)元 🧧
京喜红包：0.00(今日将过期0.00)元 🧧
极速红包：0.00(今日将过期0.00)元 🧧
京东红包：0.00(今日将过期0.00)元 🧧
健康红包：0.00(今日将过期0.00)元 🧧



********开始【京东账号19】跳跳龙一只******

2021-11-11日过期京豆：30

2021-11-12日过期京豆：30

2021-11-13日过期京豆：0

2021-11-14日过期京豆：0

2021-11-15日过期京豆：0

2021-11-16日过期京豆：0

2021-11-17日过期京豆：0


==============📣系统通知📣==============
京东日资产变动通知
📣=============账号19=============📣
账号名称：跳跳龙一只
账号信息：😊普通|会员，京享值1977
今日收支：180京豆 🐶 - 32京豆
昨日收支：335京豆 🐶 - 0京豆
当前京豆：1169(今日将过期30)京豆🐶
京喜牧场：16枚鸡蛋
签到现金：1.16元
极速金币：0金币(≈0元)
京东赚赚：7600金币(≈0.76元)
东东农场：3盒龙虾尾,进度25.17%,14天后可兑🍉
东东萌宠：2只装 大号收纳袋,勋章2/4块(3.1%)
京喜工厂：茶里乌龙茶包 ,进度:27.62% ,预计:4.06天可兑换🏭
🧧🧧🧧🧧红包明细🧧🧧🧧🧧
当前总红包：3.97(今日总过期0.24)元 🧧
京喜红包：3.15(今日将过期0.09)元 🧧
极速红包：0.21(今日将过期0.09)元 🧧
京东红包：0.61(今日将过期0.06)元 🧧
健康红包：0.00(今日将过期0.00)元 🧧



********开始【京东账号20】xj184*****098******

2021-11-11日过期京豆：0

2021-11-12日过期京豆：0

2021-11-13日过期京豆：0

2021-11-14日过期京豆：0

2021-11-15日过期京豆：0

2021-11-16日过期京豆：0

2021-11-17日过期京豆：0


==============📣系统通知📣==============
京东日资产变动通知
📣=============账号20=============📣
账号名称：xj184*****098
账号信息：😊普通|会员，京享值1456
今日收支：169京豆 🐶 - 971京豆
昨日收支：135京豆 🐶 - 0京豆
当前京豆：5(今日将过期0)京豆🐶
京喜牧场：0枚鸡蛋
签到现金：0.67元
极速金币：0金币(≈0元)
京东赚赚：7600金币(≈0.76元)
东东农场：2斤青芒,进度21.33%,4天后可兑🍉
京喜工厂：当前未开始生产商品,请手动去京喜APP->我的->京喜工厂 开启活动🏭
🧧🧧🧧🧧红包明细🧧🧧🧧🧧
当前总红包：0.30(今日总过期0.01)元 🧧
京喜红包：0.20(今日将过期0.00)元 🧧
极速红包：0.10(今日将过期0.01)元 🧧
京东红包：0.00(今日将过期0.00)元 🧧
健康红包：0.00(今日将过期0.00)元 🧧



********开始【京东账号21】jd_感情太狗_******

2021-11-11日过期京豆：0

2021-11-12日过期京豆：30

2021-11-13日过期京豆：0

2021-11-14日过期京豆：0

2021-11-15日过期京豆：0

2021-11-16日过期京豆：0

2021-11-17日过期京豆：0


==============📣系统通知📣==============
京东日资产变动通知
📣=============账号21=============📣
账号名称：jd_感情太狗_
账号信息：😊普通|会员，京享值2553
今日收支：272京豆 🐶 - 0京豆
昨日收支：599京豆 🐶 - 1496京豆
当前京豆：571(今日将过期0)京豆🐶
京喜牧场：9枚鸡蛋
签到现金：0.97元
极速金币：0金币(≈0元)
京东赚赚：7600金币(≈0.76元)
东东农场：15粒猕猴桃
东东萌宠：3层抽纸巾30包,勋章2/4块(1.5%)
京喜工厂：当前未开始生产商品,请手动去京喜APP->我的->京喜工厂 开启活动🏭
🧧🧧🧧🧧红包明细🧧🧧🧧🧧
当前总红包：20.88(今日总过期3.02)元 🧧
京喜红包：7.48(今日将过期2.52)元 🧧
极速红包：0.83(今日将过期0.50)元 🧧
京东红包：12.57(今日将过期0.00)元 🧧
健康红包：0.00(今日将过期0.00)元 🧧



********开始【京东账号22】jd_jkkhDotdWBGm******


==============📣系统通知📣==============
京东日资产变动通知
【提示】cookie已失效
京东账号22 jd_jkkhDotdWBGm
请重新登录获取
https://bean.m.jd.com/bean/signIndex.action
push+发送一对多通知消息完成。


********开始【京东账号23】你的嘟嘟呀******

2021-11-11日过期京豆：30

2021-11-12日过期京豆：30

2021-11-13日过期京豆：0

2021-11-14日过期京豆：0

2021-11-15日过期京豆：0

2021-11-16日过期京豆：0

2021-11-17日过期京豆：0


==============📣系统通知📣==============
京东日资产变动通知
📣=============账号23=============📣
账号名称：你的嘟嘟呀
账号信息：😊普通|会员，京享值3566
今日收支：161京豆 🐶 - 32京豆
昨日收支：353京豆 🐶 - 0京豆
当前京豆：1373(今日将过期30)京豆🐶
京喜牧场：0枚鸡蛋
签到现金：1.13元
极速金币：0金币(≈0元)
京东赚赚：7400金币(≈0.74元)
东东农场：2斤青芒,进度90.00%,明天可兑🍉
东东萌宠：2只装 大号收纳袋,勋章2/4块(0.7%)
京喜工厂：当前未开始生产商品,请手动去京喜APP->我的->京喜工厂 开启活动🏭
🧧🧧🧧🧧红包明细🧧🧧🧧🧧
当前总红包：5.76(今日总过期2.65)元 🧧
京喜红包：3.71(今日将过期1.26)元 🧧
极速红包：0.54(今日将过期0.54)元 🧧
京东红包：1.51(今日将过期0.85)元 🧧
健康红包：0.00(今日将过期0.00)元 🧧



********开始【京东账号24】jd_781492c6f97fd******

2021-11-11日过期京豆：0

2021-11-12日过期京豆：0

2021-11-13日过期京豆：0

2021-11-14日过期京豆：0

2021-11-15日过期京豆：0

2021-11-16日过期京豆：0

2021-11-17日过期京豆：0


==============📣系统通知📣==============
京东日资产变动通知
📣=============账号24=============📣
账号名称：jd_781492c6f97fd
账号信息：😊普通|会员，京享值4803
今日收支：153京豆 🐶 - 1451京豆
昨日收支：347京豆 🐶 - 0京豆
当前京豆：0(今日将过期0)京豆🐶
京喜牧场：10枚鸡蛋
签到现金：3.44元
极速金币：0金币(≈0元)
京东赚赚：7400金币(≈0.74元)
东东农场：12瓶AD钙奶,进度100.00%,0天后可兑🍉
东东萌宠：3层抽纸巾30包,勋章2/4块(0.3%)
京喜工厂：当前未开始生产商品,请手动去京喜APP->我的->京喜工厂 开启活动🏭
🧧🧧🧧🧧红包明细🧧🧧🧧🧧
当前总红包：4.71(今日总过期1.12)元 🧧
京喜红包：4.58(今日将过期1.12)元 🧧
极速红包：0.13(今日将过期0.00)元 🧧
京东红包：0.00(今日将过期0.00)元 🧧
健康红包：0.00(今日将过期0.00)元 🧧



********开始【京东账号25】jd_LxCFgYQEXTFj******


==============📣系统通知📣==============
京东日资产变动通知
账号25：jd_LxCFgYQEXTFj
数据异常
2021-11-11日过期京豆：299

2021-11-12日过期京豆：300

2021-11-13日过期京豆：0

2021-11-14日过期京豆：0

2021-11-15日过期京豆：0

2021-11-16日过期京豆：0

2021-11-17日过期京豆：0


********开始【京东账号26】QdkiDONJJqLs******

2021-11-11日过期京豆：30

2021-11-12日过期京豆：30

2021-11-13日过期京豆：0

2021-11-14日过期京豆：0

2021-11-15日过期京豆：0

2021-11-16日过期京豆：0

2021-11-17日过期京豆：0


==============📣系统通知📣==============
京东日资产变动通知
📣=============账号26=============📣
账号名称：QdkiDONJJqLs
账号信息：😊普通|会员，京享值4733
今日收支：224京豆 🐶 - 32京豆
昨日收支：349京豆 🐶 - 0京豆
当前京豆：1887(今日将过期30)京豆🐶
京喜牧场：5枚鸡蛋
签到现金：0.89元
极速金币：0金币(≈0元)
京东赚赚：7600金币(≈0.76元)
东东农场：2斤冬枣,进度90.67%,明天可兑🍉
东东萌宠：全自动 晴雨伞,勋章1/5块(97.4%)
京喜工厂：女短袜5双 ,进度:94.88% ,预计:0.12天可兑换🏭
🧧🧧🧧🧧红包明细🧧🧧🧧🧧
当前总红包：3.01(今日总过期0.04)元 🧧
京喜红包：0.38(今日将过期0.00)元 🧧
极速红包：0.19(今日将过期0.04)元 🧧
京东红包：2.44(今日将过期0.00)元 🧧
健康红包：0.00(今日将过期0.00)元 🧧



********开始【京东账号27】小冲要田了******

2021-11-11日过期京豆：0

2021-11-12日过期京豆：30

2021-11-13日过期京豆：0

2021-11-14日过期京豆：0

2021-11-15日过期京豆：0

2021-11-16日过期京豆：0

2021-11-17日过期京豆：0


==============📣系统通知📣==============
京东日资产变动通知
📣=============账号27=============📣
账号名称：小冲要田了
账号信息：😊普通|会员，京享值1537
今日收支：398京豆 🐶 - 0京豆
昨日收支：1京豆 🐶 - 0京豆
当前京豆：411(今日将过期0)京豆🐶
京喜牧场：0枚鸡蛋
签到现金：1.08元
极速金币：0金币(≈0元)
京东赚赚：0金币(≈0元)
东东农场：2斤青芒,进度13.33%,6天后可兑🍉
东东萌宠：超大容量保温杯,勋章1/4块(17.6%)
京喜工厂：秋冬毛绒围脖 ,进度:83.37% ,预计:2.12天可兑换🏭
🧧🧧🧧🧧红包明细🧧🧧🧧🧧
当前总红包：1.60(今日总过期0.00)元 🧧
京喜红包：1.29(今日将过期0.00)元 🧧
极速红包：0.00(今日将过期0.00)元 🧧
京东红包：0.31(今日将过期0.00)元 🧧
健康红包：0.00(今日将过期0.00)元 🧧



********开始【京东账号28】jd_4654b1ff23fb9******

2021-11-11日过期京豆：0

2021-11-12日过期京豆：30

2021-11-13日过期京豆：0

2021-11-14日过期京豆：0

2021-11-15日过期京豆：0

2021-11-16日过期京豆：0

2021-11-17日过期京豆：0


==============📣系统通知📣==============
京东日资产变动通知
📣=============账号28=============📣
账号名称：jd_4654b1ff23fb9
账号信息：🥉铜牌|会员，京享值5217
今日收支：193京豆 🐶 - 0京豆
昨日收支：294京豆 🐶 - 1852京豆
当前京豆：288(今日将过期0)京豆🐶
京喜牧场：0枚鸡蛋
签到现金：0.34元
极速金币：0金币(≈0元)
京东赚赚：6500金币(≈0.65元)
东东农场：12枚百香果,进度55.50%,3天后可兑🍉
京喜工厂：当前未开始生产商品,请手动去京喜APP->我的->京喜工厂 开启活动🏭
🧧🧧🧧🧧红包明细🧧🧧🧧🧧
当前总红包：8.52(今日总过期4.43)元 🧧
京喜红包：6.60(今日将过期3.85)元 🧧
极速红包：0.00(今日将过期0.00)元 🧧
京东红包：1.92(今日将过期0.58)元 🧧
健康红包：0.00(今日将过期0.00)元 🧧



********开始【京东账号29】jd_rlfyFyzLCvVP******


==============📣系统通知📣==============
京东日资产变动通知
【提示】cookie已失效
京东账号29 jd_rlfyFyzLCvVP
请重新登录获取
https://bean.m.jd.com/bean/signIndex.action
push+发送一对多通知消息完成。


********开始【京东账号30】jd_psHSxDGRjBCe******

2021-11-11日过期京豆：0

2021-11-12日过期京豆：0

2021-11-13日过期京豆：0

2021-11-14日过期京豆：0

2021-11-15日过期京豆：0

2021-11-16日过期京豆：0

2021-11-17日过期京豆：0


==============📣系统通知📣==============
京东日资产变动通知
📣=============账号30=============📣
账号名称：jd_psHSxDGRjBCe
账号信息：😊普通|会员，京享值316
今日收支：109京豆 🐶 - 0京豆
昨日收支：239京豆 🐶 - 0京豆
当前京豆：592(今日将过期0)京豆🐶
京喜牧场：0枚鸡蛋
签到现金：0.36元
极速金币：0金币(≈0元)
京东赚赚：6500金币(≈0.65元)
京喜工厂：当前未开始生产商品,请手动去京喜APP->我的->京喜工厂 开启活动🏭
🧧🧧🧧🧧红包明细🧧🧧🧧🧧
当前总红包：2.32(今日总过期0.01)元 🧧
京喜红包：0.08(今日将过期0.01)元 🧧
极速红包：0.00(今日将过期0.00)元 🧧
京东红包：2.24(今日将过期0.00)元 🧧
健康红包：0.00(今日将过期0.00)元 🧧



********开始【京东账号31】longlast_rain******

2021-11-11日过期京豆：30

2021-11-12日过期京豆：32

2021-11-13日过期京豆：0

2021-11-14日过期京豆：0

2021-11-15日过期京豆：0

2021-11-16日过期京豆：0

2021-11-17日过期京豆：0


==============📣系统通知📣==============
京东日资产变动通知
📣=============账号31=============📣
账号名称：longlast_rain
账号信息：😊普通|会员，京享值1047
今日收支：210京豆 🐶 - 30京豆
昨日收支：277京豆 🐶 - 0京豆
当前京豆：832(今日将过期30)京豆🐶
京喜牧场：0枚鸡蛋
签到现金：0.7元
极速金币：0金币(≈0元)
京东赚赚：6500金币(≈0.65元)
东东农场：2个白心柚子,进度59.33%,后天可兑🍉
东东萌宠：超大容量保温杯,勋章0/4块(0%)
京喜工厂：当前未开始生产商品,请手动去京喜APP->我的->京喜工厂 开启活动🏭
🧧🧧🧧🧧红包明细🧧🧧🧧🧧
当前总红包：12.70(今日总过期1.11)元 🧧
京喜红包：3.78(今日将过期1.01)元 🧧
极速红包：0.43(今日将过期0.05)元 🧧
京东红包：8.49(今日将过期0.05)元 🧧
健康红包：0.00(今日将过期0.00)元 🧧



********开始【京东账号32】jd_teTfNAXeGPWW******

2021-11-11日过期京豆：30

2021-11-12日过期京豆：32

2021-11-13日过期京豆：0

2021-11-14日过期京豆：0

2021-11-15日过期京豆：0

2021-11-16日过期京豆：0

2021-11-17日过期京豆：0


==============📣系统通知📣==============
京东日资产变动通知
📣=============账号32=============📣
账号名称：jd_teTfNAXeGPWW
账号信息：😊普通|会员，京享值2056
今日收支：153京豆 🐶 - 30京豆
昨日收支：290京豆 🐶 - 0京豆
当前京豆：721(今日将过期30)京豆🐶
京喜牧场：0枚鸡蛋
签到现金：0.41元
极速金币：0金币(≈0元)
京东赚赚：4700金币(≈0.47元)
京喜工厂：当前未开始生产商品,请手动去京喜APP->我的->京喜工厂 开启活动🏭
🧧🧧🧧🧧红包明细🧧🧧🧧🧧
当前总红包：11.73(今日总过期4.36)元 🧧
京喜红包：4.04(今日将过期1.28)元 🧧
极速红包：0.06(今日将过期0.02)元 🧧
京东红包：7.63(今日将过期3.06)元 🧧
健康红包：0.00(今日将过期0.00)元 🧧



********开始【京东账号33】jd_jeBQFueXBgCb******

2021-11-11日过期京豆：0

2021-11-12日过期京豆：0

2021-11-13日过期京豆：0

2021-11-14日过期京豆：0

2021-11-15日过期京豆：0

2021-11-16日过期京豆：0

2021-11-17日过期京豆：0


==============📣系统通知📣==============
京东日资产变动通知
📣=============账号33=============📣
账号名称：jd_jeBQFueXBgCb
账号信息：😊普通|会员，京享值2183
今日收支：0京豆 🐶 - 0京豆
昨日收支：0京豆 🐶 - 0京豆
当前京豆：10(今日将过期0)京豆🐶
京喜牧场：0枚鸡蛋
签到现金：0元
极速金币：0金币(≈0元)
京东赚赚：21800金币(≈2.18元)
🧧🧧🧧🧧红包明细🧧🧧🧧🧧
当前总红包：0(今日总过期0.00)元 🧧
京喜红包：0.00(今日将过期0.00)元 🧧
极速红包：0.00(今日将过期0.00)元 🧧
京东红包：0.00(今日将过期0.00)元 🧧
健康红包：0.00(今日将过期0.00)元 🧧



********开始【京东账号34】jd_512e77245a95d******

2021-11-11日过期京豆：30

2021-11-12日过期京豆：32

2021-11-13日过期京豆：0

2021-11-14日过期京豆：0

2021-11-15日过期京豆：0

2021-11-16日过期京豆：0

2021-11-17日过期京豆：0


==============📣系统通知📣==============
京东日资产变动通知
📣=============账号34=============📣
账号名称：jd_512e77245a95d
账号信息：😊普通|会员，京享值4346
今日收支：222京豆 🐶 - 30京豆
昨日收支：295京豆 🐶 - 0京豆
当前京豆：968(今日将过期30)京豆🐶
京喜牧场：0枚鸡蛋
签到现金：0.67元
极速金币：0金币(≈0元)
京东赚赚：4700金币(≈0.47元)
东东农场：2斤青芒,进度60.00%,后天可兑🍉
东东萌宠：2只装 大号收纳袋,勋章1/4块(41.8%)
京喜工厂：当前未开始生产商品,请手动去京喜APP->我的->京喜工厂 开启活动🏭
🧧🧧🧧🧧红包明细🧧🧧🧧🧧
当前总红包：9.79(今日总过期4.73)元 🧧
京喜红包：6.81(今日将过期4.04)元 🧧
极速红包：0.32(今日将过期0.03)元 🧧
京东红包：2.66(今日将过期0.66)元 🧧
健康红包：0.00(今日将过期0.00)元 🧧



********开始【京东账号35】眰恦ongong******

2021-11-11日过期京豆：30

2021-11-12日过期京豆：32

2021-11-13日过期京豆：0

2021-11-14日过期京豆：0

2021-11-15日过期京豆：0

2021-11-16日过期京豆：0

2021-11-17日过期京豆：0


==============📣系统通知📣==============
京东日资产变动通知
📣=============账号35=============📣
账号名称：眰恦ongong
账号信息：🥉铜牌|会员，京享值1993
今日收支：220京豆 🐶 - 30京豆
昨日收支：333京豆 🐶 - 0京豆
当前京豆：1011(今日将过期30)京豆🐶
京喜牧场：12枚鸡蛋
签到现金：0.69元
极速金币：0金币(≈0元)
京东赚赚：4700金币(≈0.47元)
京东秒杀：530秒秒币(≈0.53元)
东东农场：3盒龙虾尾,进度15.33%,12天后可兑🍉
东东萌宠：成人声波 电动牙刷,勋章1/5块(73.4%)
京喜工厂：毛球修剪器 ,进度:87.23% ,预计:1.77天可兑换🏭
🧧🧧🧧🧧红包明细🧧🧧🧧🧧
当前总红包：4.14(今日总过期0.09)元 🧧
京喜红包：1.60(今日将过期0.00)元 🧧
极速红包：0.16(今日将过期0.09)元 🧧
京东红包：2.38(今日将过期0.00)元 🧧
健康红包：0.00(今日将过期0.00)元 🧧



********开始【京东账号36】jd_59e7a43bdd6ba******

2021-11-11日过期京豆：30

2021-11-12日过期京豆：30

2021-11-13日过期京豆：0

2021-11-14日过期京豆：0

2021-11-15日过期京豆：0

2021-11-16日过期京豆：0

2021-11-17日过期京豆：0


==============📣系统通知📣==============
京东日资产变动通知
📣=============账号36=============📣
账号名称：jd_59e7a43bdd6ba
账号信息：🥉铜牌|会员，京享值2055
今日收支：228京豆 🐶 - 30京豆
昨日收支：326京豆 🐶 - 0京豆
当前京豆：881(今日将过期30)京豆🐶
京喜牧场：9枚鸡蛋
签到现金：0.67元
极速金币：0金币(≈0元)
京东赚赚：4700金币(≈0.47元)
东东农场：15粒猕猴桃,进度61.33%,后天可兑🍉
东东萌宠：2只装 大号收纳袋,勋章1/4块(73.8%)
京喜工厂：当前未开始生产商品,请手动去京喜APP->我的->京喜工厂 开启活动🏭
🧧🧧🧧🧧红包明细🧧🧧🧧🧧
当前总红包：7.10(今日总过期3.91)元 🧧
京喜红包：4.66(今日将过期1.91)元 🧧
极速红包：0.00(今日将过期0.00)元 🧧
京东红包：2.44(今日将过期2.00)元 🧧
健康红包：0.00(今日将过期0.00)元 🧧



********开始【京东账号37】jd_WOQjcOfqvLLj******

2021-11-11日过期京豆：330

2021-11-12日过期京豆：330

2021-11-13日过期京豆：0

2021-11-14日过期京豆：0

2021-11-15日过期京豆：0

2021-11-16日过期京豆：0

2021-11-17日过期京豆：0


==============📣系统通知📣==============
京东日资产变动通知
📣=============账号37=============📣
账号名称：jd_WOQjcOfqvLLj
账号信息：😊普通|会员，京享值1425
今日收支：504京豆 🐶 - 330京豆
昨日收支：613京豆 🐶 - 0京豆
当前京豆：1365(今日将过期330)京豆🐶
京喜牧场：0枚鸡蛋
签到现金：1.28元
极速金币：0金币(≈0元)
京东赚赚：5500金币(≈0.55元)
东东农场：4斤木瓜,进度74.67%,明天可兑🍉
京喜工厂：当前未开始生产商品,请手动去京喜APP->我的->京喜工厂 开启活动🏭
🧧🧧🧧🧧红包明细🧧🧧🧧🧧
当前总红包：12.77(今日总过期1.75)元 🧧
京喜红包：4.00(今日将过期1.32)元 🧧
极速红包：0.83(今日将过期0.37)元 🧧
京东红包：7.94(今日将过期0.06)元 🧧
健康红包：0.00(今日将过期0.00)元 🧧



********开始【京东账号38】jd_59bda78642979******

2021-11-11日过期京豆：0

2021-11-12日过期京豆：29

2021-11-13日过期京豆：0

2021-11-14日过期京豆：0

2021-11-15日过期京豆：0

2021-11-16日过期京豆：0

2021-11-17日过期京豆：0


==============📣系统通知📣==============
京东日资产变动通知
📣=============账号38=============📣
账号名称：jd_59bda78642979
账号信息：😊普通|会员，京享值3888
今日收支：149京豆 🐶 - 1京豆
昨日收支：216京豆 🐶 - 632京豆
当前京豆：148(今日将过期0)京豆🐶
京喜牧场：0枚鸡蛋
签到现金：0.43元
极速金币：0金币(≈0元)
京东赚赚：4700金币(≈0.47元)
东东萌宠：3层抽纸巾30包,勋章0/4块(0%)
京喜工厂：当前未开始生产商品,请手动去京喜APP->我的->京喜工厂 开启活动🏭
🧧🧧🧧🧧红包明细🧧🧧🧧🧧
当前总红包：6.62(今日总过期2.91)元 🧧
京喜红包：2.07(今日将过期0.82)元 🧧
极速红包：0.37(今日将过期0.15)元 🧧
京东红包：4.18(今日将过期1.94)元 🧧
健康红包：0.00(今日将过期0.00)元 🧧



********开始【京东账号39】爱晚睡的月亮******


东东农场: API查询请求失败 ‼️‼️
"Timeout awaiting 'request' for 10000ms"

❗️京东日资产变动通知, 错误!

2021-11-11日过期京豆：30

2021-11-12日过期京豆：30

2021-11-13日过期京豆：0

2021-11-14日过期京豆：0

2021-11-15日过期京豆：0

2021-11-16日过期京豆：0

2021-11-17日过期京豆：0


==============📣系统通知📣==============
京东日资产变动通知
📣=============账号39=============📣
账号名称：爱晚睡的月亮
账号信息：🥉铜牌|会员，京享值3477
今日收支：178京豆 🐶 - 30京豆
昨日收支：225京豆 🐶 - 0京豆
当前京豆：585(今日将过期30)京豆🐶
京喜牧场：0枚鸡蛋
签到现金：0.41元
极速金币：0金币(≈0元)
京东赚赚：4700金币(≈0.47元)
京喜工厂：当前未开始生产商品,请手动去京喜APP->我的->京喜工厂 开启活动🏭
🧧🧧🧧🧧红包明细🧧🧧🧧🧧
当前总红包：2.05(今日总过期0.00)元 🧧
京喜红包：1.13(今日将过期0.00)元 🧧
极速红包：0.00(今日将过期0.00)元 🧧
京东红包：0.92(今日将过期0.00)元 🧧
健康红包：0.00(今日将过期0.00)元 🧧



********开始【京东账号40】jd_130986rec******

2021-11-11日过期京豆：330

2021-11-12日过期京豆：30

2021-11-13日过期京豆：0

2021-11-14日过期京豆：0

2021-11-15日过期京豆：0

2021-11-16日过期京豆：0

2021-11-17日过期京豆：0


==============📣系统通知📣==============
京东日资产变动通知
📣=============账号40=============📣
账号名称：jd_130986rec
账号信息：😊普通|会员，京享值1585
今日收支：134京豆 🐶 - 330京豆
昨日收支：600京豆 🐶 - 0京豆
当前京豆：954(今日将过期330)京豆🐶
京喜牧场：0枚鸡蛋
签到现金：1.28元
极速金币：0金币(≈0元)
京东赚赚：4700金币(≈0.47元)
京喜工厂：当前未开始生产商品,请手动去京喜APP->我的->京喜工厂 开启活动🏭
🧧🧧🧧🧧红包明细🧧🧧🧧🧧
当前总红包：11.02(今日总过期1.73)元 🧧
京喜红包：4.15(今日将过期1.44)元 🧧
极速红包：0.56(今日将过期0.29)元 🧧
京东红包：6.31(今日将过期0.00)元 🧧
健康红包：0.00(今日将过期0.00)元 🧧



********开始【京东账号41】tb955194439******

2021-11-11日过期京豆：30

2021-11-12日过期京豆：30

2021-11-13日过期京豆：0

2021-11-14日过期京豆：0

2021-11-15日过期京豆：0

2021-11-16日过期京豆：0

2021-11-17日过期京豆：0


==============📣系统通知📣==============
京东日资产变动通知
📣=============账号41=============📣
账号名称：tb955194439
账号信息：🥉铜牌|Plus，京享值6213
今日收支：188京豆 🐶 - 30京豆
昨日收支：244京豆 🐶 - 0京豆
当前京豆：4232(今日将过期30)京豆🐶
京喜牧场：0枚鸡蛋
签到现金：0.43元
极速金币：0金币(≈0元)
京东赚赚：4700金币(≈0.47元)
京喜工厂：当前未开始生产商品,请手动去京喜APP->我的->京喜工厂 开启活动🏭
🧧🧧🧧🧧红包明细🧧🧧🧧🧧
当前总红包：6.75(今日总过期1.90)元 🧧
京喜红包：4.32(今日将过期1.85)元 🧧
极速红包：0.36(今日将过期0.00)元 🧧
京东红包：2.07(今日将过期0.05)元 🧧
健康红包：0.00(今日将过期0.00)元 🧧



********开始【京东账号42】jd_bcHveyVWriHa******

2021-11-11日过期京豆：300

2021-11-12日过期京豆：330

2021-11-13日过期京豆：0

2021-11-14日过期京豆：0

2021-11-15日过期京豆：0

2021-11-16日过期京豆：0

2021-11-17日过期京豆：0


==============📣系统通知📣==============
京东日资产变动通知
📣=============账号42=============📣
账号名称：jd_bcHveyVWriHa
账号信息：😊普通|会员，京享值810
今日收支：493京豆 🐶 - 300京豆
昨日收支：563京豆 🐶 - 0京豆
当前京豆：1208(今日将过期300)京豆🐶
京喜牧场：0枚鸡蛋
签到现金：1.18元
极速金币：0金币(≈0元)
京东赚赚：4700金币(≈0.47元)
京喜工厂：当前未开始生产商品,请手动去京喜APP->我的->京喜工厂 开启活动🏭
🧧🧧🧧🧧红包明细🧧🧧🧧🧧
当前总红包：14.82(今日总过期1.78)元 🧧
京喜红包：4.18(今日将过期1.47)元 🧧
极速红包：0.53(今日将过期0.26)元 🧧
京东红包：10.11(今日将过期0.05)元 🧧
健康红包：0.00(今日将过期0.00)元 🧧



********开始【京东账号43】头两句******

2021-11-11日过期京豆：0

2021-11-12日过期京豆：0

2021-11-13日过期京豆：0

2021-11-14日过期京豆：0

2021-11-15日过期京豆：0

2021-11-16日过期京豆：0

2021-11-17日过期京豆：0


==============📣系统通知📣==============
京东日资产变动通知
📣=============账号43=============📣
账号名称：头两句
账号信息：🥈银牌|会员，京享值4941
今日收支：440京豆 🐶 - 0京豆
昨日收支：243京豆 🐶 - 0京豆
当前京豆：2877(今日将过期0)京豆🐶
京喜牧场：79枚鸡蛋
签到现金：2.67元
极速金币：5027金币(≈0.5027元)
京东赚赚：60300金币(≈6.03元)
东东农场：红色筋膜枪,进度55.13%,21天后可兑🍉
东东萌宠：2只装 大号收纳袋,勋章3/4块(12.3%)
京喜工厂：儿童胡萝卜棉拖 ,进度:93.97% ,预计:3.14天可兑换🏭
🧧🧧🧧🧧红包明细🧧🧧🧧🧧
当前总红包：3.96(今日总过期1.22)元 🧧
京喜红包：2.42(今日将过期0.78)元 🧧
极速红包：0.75(今日将过期0.38)元 🧧
京东红包：0.79(今日将过期0.06)元 🧧
健康红包：0.00(今日将过期0.00)元 🧧



********开始【京东账号44】jd_130283vzy******

2021-11-11日过期京豆：0

2021-11-12日过期京豆：0

2021-11-13日过期京豆：0

2021-11-14日过期京豆：0

2021-11-15日过期京豆：0

2021-11-16日过期京豆：0

2021-11-17日过期京豆：0


==============📣系统通知📣==============
京东日资产变动通知
📣=============账号44=============📣
账号名称：jd_130283vzy
账号信息：🥉铜牌|会员，京享值3077
今日收支：168京豆 🐶 - 578京豆
昨日收支：206京豆 🐶 - 0京豆
当前京豆：0(今日将过期0)京豆🐶
京喜牧场：0枚鸡蛋
签到现金：2.52元
极速金币：0金币(≈0元)
京东赚赚：64000金币(≈6.4元)
东东农场：3盒龙虾尾,进度39.47%,29天后可兑🍉
东东萌宠：3层抽纸巾30包,勋章3/4块(15.7%)
京喜工厂：秋冬毛绒围脖 ,进度:22.41% ,预计:4.09天可兑换🏭
🧧🧧🧧🧧红包明细🧧🧧🧧🧧
当前总红包：1.87(今日总过期0.76)元 🧧
京喜红包：1.81(今日将过期0.76)元 🧧
极速红包：0.06(今日将过期0.00)元 🧧
京东红包：0.00(今日将过期0.00)元 🧧
健康红包：0.00(今日将过期0.00)元 🧧



********开始【京东账号45】jd_495c344318aeb******

2021-11-11日过期京豆：0

2021-11-12日过期京豆：0

2021-11-13日过期京豆：0

2021-11-14日过期京豆：0

2021-11-15日过期京豆：0

2021-11-16日过期京豆：0

2021-11-17日过期京豆：0


==============📣系统通知📣==============
京东日资产变动通知
📣=============账号45=============📣
账号名称：jd_495c344318aeb
账号信息：🥉铜牌|会员，京享值1852
今日收支：153京豆 🐶 - 0京豆
昨日收支：318京豆 🐶 - 0京豆
当前京豆：632(今日将过期0)京豆🐶
京喜牧场：0枚鸡蛋
签到现金：0.2元
极速金币：0金币(≈0元)
京东赚赚：4700金币(≈0.47元)
东东农场：2斤青芒,进度60.67%,后天可兑🍉
东东萌宠：成人声波 电动牙刷,勋章1/5块(56.7%)
京喜工厂：当前未开始生产商品,请手动去京喜APP->我的->京喜工厂 开启活动🏭
🧧🧧🧧🧧红包明细🧧🧧🧧🧧
当前总红包：3.84(今日总过期1.46)元 🧧
京喜红包：3.84(今日将过期1.46)元 🧧
极速红包：0.00(今日将过期0.00)元 🧧
京东红包：0.00(今日将过期0.00)元 🧧
健康红包：0.00(今日将过期0.00)元 🧧



********开始【京东账号46】yl2731918958******

2021-11-11日过期京豆：0

2021-11-12日过期京豆：0

2021-11-13日过期京豆：0

2021-11-14日过期京豆：0

2021-11-15日过期京豆：0

2021-11-16日过期京豆：0

2021-11-17日过期京豆：0


==============📣系统通知📣==============
京东日资产变动通知
📣=============账号46=============📣
账号名称：yl2731918958
账号信息：😊普通|会员，京享值5108
今日收支：159京豆 🐶 - 0京豆
昨日收支：242京豆 🐶 - 0京豆
当前京豆：1161(今日将过期0)京豆🐶
京喜牧场：0枚鸡蛋
签到现金：0.73元
极速金币：0金币(≈0元)
京东赚赚：4700金币(≈0.47元)
东东农场：3斤猕猴桃,进度41.00%,3天后可兑🍉
东东萌宠：3层抽纸巾30包,勋章1/4块(61.8%)
京喜工厂：汤勺漏勺4支装 ,进度:90.49% ,预计:0.99天可兑换🏭
🧧🧧🧧🧧红包明细🧧🧧🧧🧧
当前总红包：3.66(今日总过期0.74)元 🧧
京喜红包：2.26(今日将过期0.69)元 🧧
极速红包：0.02(今日将过期0.00)元 🧧
京东红包：1.38(今日将过期0.05)元 🧧
健康红包：0.00(今日将过期0.00)元 🧧



********开始【京东账号47】u_tbntwaqwl2cc******

2021-11-11日过期京豆：0

2021-11-12日过期京豆：0

2021-11-13日过期京豆：0

2021-11-14日过期京豆：0

2021-11-15日过期京豆：0

2021-11-16日过期京豆：0

2021-11-17日过期京豆：0


==============📣系统通知📣==============
京东日资产变动通知
📣=============账号47=============📣
账号名称：u_tbntwaqwl2cc
账号信息：🥉铜牌|会员，京享值1995
今日收支：142京豆 🐶 - 0京豆
昨日收支：316京豆 🐶 - 0京豆
当前京豆：531(今日将过期0)京豆🐶
京喜牧场：0枚鸡蛋
签到现金：0.22元
极速金币：0金币(≈0元)
京东赚赚：6000金币(≈0.6元)
东东农场：2斤小台芒,进度34.17%,5天后可兑🍉
东东萌宠：狗狗零食牛肉水晶肠,勋章1/4块(46.5%)
京喜工厂：当前未开始生产商品,请手动去京喜APP->我的->京喜工厂 开启活动🏭
🧧🧧🧧🧧红包明细🧧🧧🧧🧧
当前总红包：11.50(今日总过期4.91)元 🧧
京喜红包：3.81(今日将过期1.43)元 🧧
极速红包：0.48(今日将过期0.40)元 🧧
京东红包：7.21(今日将过期3.08)元 🧧
健康红包：0.00(今日将过期0.00)元 🧧



********开始【京东账号48】jd_uZMSUiJtsTVu******

2021-11-11日过期京豆：0

2021-11-12日过期京豆：0

2021-11-13日过期京豆：0

2021-11-14日过期京豆：0

2021-11-15日过期京豆：0

2021-11-16日过期京豆：0

2021-11-17日过期京豆：0


==============📣系统通知📣==============
京东日资产变动通知
📣=============账号48=============📣
账号名称：jd_uZMSUiJtsTVu
账号信息：😊普通|会员，京享值3342
今日收支：134京豆 🐶 - 0京豆
昨日收支：247京豆 🐶 - 0京豆
当前京豆：2450(今日将过期0)京豆🐶
京喜牧场：13枚鸡蛋
签到现金：2.02元
极速金币：0金币(≈0元)
京东赚赚：45000金币(≈4.5元)
东东农场：12枚猕猴桃,进度37.73%,36天后可兑🍉
东东萌宠：全自动 晴雨伞,勋章3/5块(28.1%)
京喜工厂：当前未开始生产商品,请手动去京喜APP->我的->京喜工厂 开启活动🏭
🧧🧧🧧🧧红包明细🧧🧧🧧🧧
当前总红包：2.56(今日总过期0.46)元 🧧
京喜红包：1.72(今日将过期0.46)元 🧧
极速红包：0.00(今日将过期0.00)元 🧧
京东红包：0.84(今日将过期0.00)元 🧧
健康红包：0.00(今日将过期0.00)元 🧧



********开始【京东账号49】是Funny呐******


==============📣系统通知📣==============
京东日资产变动通知
账号49：是Funny呐
数据异常
2021-11-11日过期京豆：0

2021-11-12日过期京豆：0

2021-11-13日过期京豆：0

2021-11-14日过期京豆：0

2021-11-15日过期京豆：0

2021-11-16日过期京豆：0

2021-11-17日过期京豆：0


********开始【京东账号50】jd_131423lci******

2021-11-11日过期京豆：0

2021-11-12日过期京豆：0

2021-11-13日过期京豆：0

2021-11-14日过期京豆：0

2021-11-15日过期京豆：0

2021-11-16日过期京豆：0

2021-11-17日过期京豆：0


==============📣系统通知📣==============
京东日资产变动通知
📣=============账号50=============📣
账号名称：jd_131423lci
账号信息：😊普通|会员，京享值2151
今日收支：181京豆 🐶 - 0京豆
昨日收支：167京豆 🐶 - 0京豆
当前京豆：858(今日将过期0)京豆🐶
京喜牧场：0枚鸡蛋
签到现金：0.31元
极速金币：0金币(≈0元)
京东赚赚：2600金币(≈0.26元)
东东农场：16枚鸡蛋,进度12.00%,9天后可兑🍉
东东萌宠：3层抽纸巾30包,勋章1/4块(21.2%)
京喜工厂：秋冬毛绒围脖 ,进度:84.30% ,预计:2.00天可兑换🏭
🧧🧧🧧🧧红包明细🧧🧧🧧🧧
当前总红包：2.37(今日总过期0.06)元 🧧
京喜红包：1.87(今日将过期0.00)元 🧧
极速红包：0.06(今日将过期0.06)元 🧧
京东红包：0.44(今日将过期0.00)元 🧧
健康红包：0.00(今日将过期0.00)元 🧧



********开始【京东账号51】jd_46161d81622a1******

2021-11-11日过期京豆：0

2021-11-12日过期京豆：0

2021-11-13日过期京豆：0

2021-11-14日过期京豆：0

2021-11-15日过期京豆：0

2021-11-16日过期京豆：0

2021-11-17日过期京豆：0


==============📣系统通知📣==============
京东日资产变动通知
📣=============账号51=============📣
账号名称：jd_46161d81622a1
账号信息：😊普通|会员，京享值2303
今日收支：43京豆 🐶 - 0京豆
昨日收支：0京豆 🐶 - 0京豆
当前京豆：52(今日将过期0)京豆🐶
京喜牧场：0枚鸡蛋
签到现金：0元
极速金币：0金币(≈0元)
京东赚赚：2600金币(≈0.26元)
🧧🧧🧧🧧红包明细🧧🧧🧧🧧
当前总红包：0(今日总过期0.00)元 🧧
京喜红包：0.00(今日将过期0.00)元 🧧
极速红包：0.00(今日将过期0.00)元 🧧
京东红包：0.00(今日将过期0.00)元 🧧
健康红包：0.00(今日将过期0.00)元 🧧



********开始【京东账号52】与它1******


东东农场: API查询请求失败 ‼️‼️
"Timeout awaiting 'request' for 10000ms"

❗️京东日资产变动通知, 错误!

2021-11-11日过期京豆：0

2021-11-12日过期京豆：0

2021-11-13日过期京豆：0

2021-11-14日过期京豆：0

2021-11-15日过期京豆：0

2021-11-16日过期京豆：0

2021-11-17日过期京豆：0


==============📣系统通知📣==============
京东日资产变动通知
📣=============账号52=============📣
账号名称：与它1
账号信息：😊普通|会员，京享值3516
今日收支：124京豆 🐶 - 0京豆
昨日收支：0京豆 🐶 - 0京豆
当前京豆：124(今日将过期0)京豆🐶
京喜牧场：0枚鸡蛋
签到现金：0元
极速金币：0金币(≈0元)
京东赚赚：0金币(≈0元)
京喜工厂：当前未开始生产商品,请手动去京喜APP->我的->京喜工厂 开启活动🏭
🧧🧧🧧🧧红包明细🧧🧧🧧🧧
当前总红包：0.20(今日总过期0.00)元 🧧
京喜红包：0.20(今日将过期0.00)元 🧧
极速红包：0.00(今日将过期0.00)元 🧧
京东红包：0.00(今日将过期0.00)元 🧧
健康红包：0.00(今日将过期0.00)元 🧧



********开始【京东账号53】jd_66665a71b28e3******


==============📣系统通知📣==============
京东日资产变动通知
账号53：jd_66665a71b28e3
数据异常
2021-11-11日过期京豆：0

2021-11-12日过期京豆：0

2021-11-13日过期京豆：1

2021-11-14日过期京豆：0

2021-11-15日过期京豆：0

2021-11-16日过期京豆：0

2021-11-17日过期京豆：0


********开始【京东账号54】jd_5277c18ea70e8******

2021-11-11日过期京豆：0

2021-11-12日过期京豆：0

2021-11-13日过期京豆：0

2021-11-14日过期京豆：0

2021-11-15日过期京豆：0

2021-11-16日过期京豆：0

2021-11-17日过期京豆：0


==============📣系统通知📣==============
京东日资产变动通知
📣=============账号54=============📣
账号名称：jd_5277c18ea70e8
账号信息：😊普通|会员，京享值3680
今日收支：163京豆 🐶 - 0京豆
昨日收支：0京豆 🐶 - 0京豆
当前京豆：256(今日将过期0)京豆🐶
京喜牧场：2枚鸡蛋
签到现金：0.05元
极速金币：0金币(≈0元)
京东赚赚：0金币(≈0元)
东东农场：14包抽纸,进度0.67%,143天后可兑🍉
东东萌宠：全自动 晴雨伞,勋章0/5块(12.7%)
京喜工厂：秋冬毛绒围脖 ,进度:82.68% ,预计:2.21天可兑换🏭
🧧🧧🧧🧧红包明细🧧🧧🧧🧧
当前总红包：0(今日总过期0.00)元 🧧
京喜红包：0.00(今日将过期0.00)元 🧧
极速红包：0.00(今日将过期0.00)元 🧧
京东红包：0.00(今日将过期0.00)元 🧧
健康红包：0.00(今日将过期0.00)元 🧧


多账号合并通知
push+发送一对多通知消息完成。


🔔京东日资产变动通知, 结束! 🕛 903.434 秒


## 执行结束... 2021-11-11 19:18:11 耗时 905 秒
